<?xml version="1.0" encoding="UTF-8"?>
<!-- Generated by org.testng.reporters.JUnitReportReporter -->
<testsuite skipped="0" hostname="Dharti-Laptop" name="test.LoginPageTest" tests="2" failures="0" timestamp="2022-06-10T14:33:23 EDT" time="22.856" errors="0">
  <testcase name="loginTest" time="11.732" classname="test.LoginPageTest"/>
  <system-out/>
  <testcase name="pageTitleTest" time="11.124" classname="test.LoginPageTest"/>
  <system-out/>
</testsuite> <!-- test.LoginPageTest -->
